<?xml version="1.0" encoding="UTF-8"?>
<testsuite name="com.arbormetrix.model.PatientTest" tests="3" skipped="0" failures="0" errors="0" timestamp="2017-04-30T14:43:00" hostname="NEO" time="0.049">
  <properties/>
  <testcase name="testGetState" classname="com.arbormetrix.model.PatientTest" time="0.003"/>
  <testcase name="testGetSex" classname="com.arbormetrix.model.PatientTest" time="0.0"/>
  <testcase name="testSetAge" classname="com.arbormetrix.model.PatientTest" time="0.045"/>
  <system-out><![CDATA[]]></system-out>
  <system-err><![CDATA[]]></system-err>
</testsuite>
